Using default implementation for ThreadExecutor
Job execution threads will use class loader of thread: main
Initialized Scheduler Signaller of type: class org.quartz.core.SchedulerSignalerImpl
Quartz Scheduler v.2.2.3 created.
RAMJobStore initialized.
Scheduler meta-data: Quartz Scheduler (v2.2.3) 'DefaultQuartzScheduler' with instanceId 'NON_CLUSTERED'
  Scheduler class: 'org.quartz.core.QuartzScheduler' - running locally.
  NOT STARTED.
  Currently in standby mode.
  Number of jobs executed: 0
  Using thread pool 'org.quartz.simpl.SimpleThreadPool' - with 10 threads.
  Using job-store 'org.quartz.simpl.RAMJobStore' - which does not support persistence. and is not clustered.

Quartz scheduler 'DefaultQuartzScheduler' initialized from default resource file in Quartz package: 'quartz.properties'
Quartz scheduler version: 2.2.3
Scheduler DefaultQuartzScheduler_$_NON_CLUSTERED started.
batch acquisition of 1 triggers
Producing instance of Job 'group1.job1', class=com.joshua.demo1.HelloJob
batch acquisition of 0 triggers
Calling execute on job group1.job1
咫尺天涯Fri Mar 10 15:10:00 CST 2017
batch acquisition of 0 triggers
batch acquisition of 0 triggers
Scheduler DefaultQuartzScheduler_$_NON_CLUSTERED shutting down.
Scheduler DefaultQuartzScheduler_$_NON_CLUSTERED paused.
Shutting down threadpool...
WorkerThread is shut down.
WorkerThread is shut down.
WorkerThread is shut down.
WorkerThread is shut down.
WorkerThread is shut down.
WorkerThread is shut down.
WorkerThread is shut down.
WorkerThread is shut down.
WorkerThread is shut down.
WorkerThread is shut down.
No executing jobs remaining, all threads stopped.
Shutdown of threadpool complete.
Scheduler DefaultQuartzScheduler_$_NON_CLUSTERED shutdown complete.
结束运行。。。。
2017-03-10 15:27:24,222 org.quartz.impl.StdSchedulerFactory2017-03-10 15:27:24,230 org.quartz.simpl.SimpleThreadPool2017-03-10 15:27:24,253 org.quartz.core.SchedulerSignalerImpl2017-03-10 15:27:24,253 org.quartz.core.QuartzScheduler2017-03-10 15:27:24,254 org.quartz.simpl.RAMJobStore2017-03-10 15:27:24,256 org.quartz.core.QuartzScheduler2017-03-10 15:27:24,256 org.quartz.impl.StdSchedulerFactory2017-03-10 15:27:24,256 org.quartz.impl.StdSchedulerFactory2017-03-10 15:27:24,267 org.quartz.core.QuartzScheduler2017-03-10 15:27:24,267 org.quartz.core.QuartzSchedulerThread2017-03-10 15:27:49,516 org.quartz.core.QuartzSchedulerThread2017-03-10 15:28:00,005 org.quartz.simpl.PropertySettingJobFactory2017-03-10 15:28:00,005 org.quartz.core.QuartzSchedulerThread2017-03-10 15:28:00,020 org.quartz.core.JobRunShell2017-03-10 15:28:00,036 com.joshua.demo1.HelloJob2017-03-10 15:28:29,225 org.quartz.core.QuartzSchedulerThread2017-03-10 15:28:29,273 org.quartz.core.QuartzScheduler2017-03-10 15:28:29,273 org.quartz.core.QuartzScheduler2017-03-10 15:28:29,273 org.quartz.simpl.SimpleThreadPool2017-03-10 15:28:29,398 org.quartz.simpl.SimpleThreadPool2017-03-10 15:28:29,491 org.quartz.simpl.SimpleThreadPool2017-03-10 15:28:29,491 org.quartz.simpl.SimpleThreadPool2017-03-10 15:28:29,491 org.quartz.simpl.SimpleThreadPool2017-03-10 15:28:29,491 org.quartz.simpl.SimpleThreadPool2017-03-10 15:28:29,491 org.quartz.simpl.SimpleThreadPool2017-03-10 15:28:29,491 org.quartz.simpl.SimpleThreadPool2017-03-10 15:28:29,491 org.quartz.simpl.SimpleThreadPool2017-03-10 15:28:29,491 org.quartz.simpl.SimpleThreadPool2017-03-10 15:28:29,491 org.quartz.simpl.SimpleThreadPool2017-03-10 15:28:29,491 org.quartz.simpl.SimpleThreadPool2017-03-10 15:28:29,491 org.quartz.simpl.SimpleThreadPool2017-03-10 15:28:29,491 org.quartz.core.QuartzScheduler2017-03-10 15:28:29,491 com.joshua.demo1.Test2017-03-10 15:29:34,395 org.quartz.impl.StdSchedulerFactory2017-03-10 15:29:34,395 org.quartz.simpl.SimpleThreadPool2017-03-10 15:29:34,410 org.quartz.core.SchedulerSignalerImpl2017-03-10 15:29:34,410 org.quartz.core.QuartzScheduler2017-03-10 15:29:34,426 org.quartz.simpl.RAMJobStore2017-03-10 15:29:34,426 org.quartz.core.QuartzScheduler2017-03-10 15:29:34,426 org.quartz.impl.StdSchedulerFactory2017-03-10 15:29:34,426 org.quartz.impl.StdSchedulerFactory2017-03-10 15:29:34,426 org.quartz.core.QuartzScheduler2017-03-10 15:29:34,426 org.quartz.core.QuartzSchedulerThread2017-03-10 15:29:44,433 org.quartz.core.QuartzScheduler2017-03-10 15:29:44,433 org.quartz.core.QuartzScheduler2017-03-10 15:29:44,433 org.quartz.simpl.SimpleThreadPool2017-03-10 15:29:44,495 org.quartz.simpl.SimpleThreadPool2017-03-10 15:29:44,500 org.quartz.simpl.SimpleThreadPool2017-03-10 15:29:44,501 org.quartz.simpl.SimpleThreadPool2017-03-10 15:29:44,502 org.quartz.simpl.SimpleThreadPool2017-03-10 15:29:44,503 org.quartz.simpl.SimpleThreadPool2017-03-10 15:29:44,504 org.quartz.simpl.SimpleThreadPool2017-03-10 15:29:44,505 org.quartz.simpl.SimpleThreadPool2017-03-10 15:29:44,496 org.quartz.simpl.SimpleThreadPool2017-03-10 15:29:44,496 org.quartz.simpl.SimpleThreadPool2017-03-10 15:29:44,496 org.quartz.simpl.SimpleThreadPool2017-03-10 15:29:44,508 org.quartz.simpl.SimpleThreadPool2017-03-10 15:29:44,508 org.quartz.simpl.SimpleThreadPool2017-03-10 15:29:44,508 org.quartz.core.QuartzScheduler2017-03-10 15:29:44,509 com.joshua.demo1.Test2017-03-10 15:30:24,836 org.quartz.impl.StdSchedulerFactory2017-03-10 15:30:24,851 org.quartz.simpl.SimpleThreadPool2017-03-10 15:30:24,867 org.quartz.core.SchedulerSignalerImpl2017-03-10 15:30:24,867 org.quartz.core.QuartzScheduler2017-03-10 15:30:24,867 org.quartz.simpl.RAMJobStore2017-03-10 15:30:24,867 org.quartz.core.QuartzScheduler2017-03-10 15:30:24,867 org.quartz.impl.StdSchedulerFactory2017-03-10 15:30:24,867 org.quartz.impl.StdSchedulerFactory2017-03-10 15:30:24,883 org.quartz.core.QuartzScheduler2017-03-10 15:30:24,883 org.quartz.core.QuartzSchedulerThread2017-03-10 15:30:34,895 org.quartz.core.QuartzScheduler2017-03-10 15:30:34,895 org.quartz.core.QuartzScheduler2017-03-10 15:30:34,895 org.quartz.simpl.SimpleThreadPool2017-03-10 15:30:34,973 org.quartz.simpl.SimpleThreadPool2017-03-10 15:30:34,973 org.quartz.simpl.SimpleThreadPool2017-03-10 15:30:34,973 org.quartz.simpl.SimpleThreadPool2017-03-10 15:30:34,973 org.quartz.simpl.SimpleThreadPool2017-03-10 15:30:34,973 org.quartz.simpl.SimpleThreadPool2017-03-10 15:30:34,973 org.quartz.simpl.SimpleThreadPool2017-03-10 15:30:34,973 org.quartz.simpl.SimpleThreadPool2017-03-10 15:30:34,973 org.quartz.simpl.SimpleThreadPool2017-03-10 15:30:34,973 org.quartz.simpl.SimpleThreadPool2017-03-10 15:30:34,973 org.quartz.simpl.SimpleThreadPool2017-03-10 15:30:34,973 org.quartz.simpl.SimpleThreadPool2017-03-10 15:30:34,973 org.quartz.simpl.SimpleThreadPool2017-03-10 15:30:34,973 org.quartz.core.QuartzScheduler2017-03-10 15:30:34,973 com.joshua.demo1.Test2017-03-10 15:31:17,512 org.quartz.impl.StdSchedulerFactory2017-03-10 15:31:17,516 org.quartz.simpl.SimpleThreadPool2017-03-10 15:31:17,532 org.quartz.core.SchedulerSignalerImpl2017-03-10 15:31:17,532 org.quartz.core.QuartzScheduler2017-03-10 15:31:17,532 org.quartz.simpl.RAMJobStore2017-03-10 15:31:17,532 org.quartz.core.QuartzScheduler2017-03-10 15:31:17,532 org.quartz.impl.StdSchedulerFactory2017-03-10 15:31:17,532 org.quartz.impl.StdSchedulerFactory2017-03-10 15:31:17,547 org.quartz.core.QuartzScheduler2017-03-10 15:31:17,547 org.quartz.core.QuartzSchedulerThread2017-03-10 15:31:27,548 org.quartz.core.QuartzScheduler2017-03-10 15:31:27,548 org.quartz.core.QuartzScheduler2017-03-10 15:31:27,548 org.quartz.simpl.SimpleThreadPool2017-03-10 15:31:27,588 org.quartz.simpl.SimpleThreadPool2017-03-10 15:31:27,588 org.quartz.simpl.SimpleThreadPool2017-03-10 15:31:27,588 org.quartz.simpl.SimpleThreadPool2017-03-10 15:31:27,589 org.quartz.simpl.SimpleThreadPool2017-03-10 15:31:27,589 org.quartz.simpl.SimpleThreadPool2017-03-10 15:31:27,589 org.quartz.simpl.SimpleThreadPool2017-03-10 15:31:27,590 org.quartz.simpl.SimpleThreadPool2017-03-10 15:31:27,590 org.quartz.simpl.SimpleThreadPool2017-03-10 15:31:27,590 org.quartz.simpl.SimpleThreadPool2017-03-10 15:31:27,590 org.quartz.simpl.SimpleThreadPool2017-03-10 15:31:27,591 org.quartz.simpl.SimpleThreadPool2017-03-10 15:31:27,591 org.quartz.simpl.SimpleThreadPool2017-03-10 15:31:27,591 org.quartz.core.QuartzScheduler2017-03-10 15:31:27,591 com.joshua.demo1.Test2017-03-10 15:31:43,285 org.quartz.impl.StdSchedulerFactory2017-03-10 15:31:43,285 org.quartz.simpl.SimpleThreadPool2017-03-10 15:31:43,301 org.quartz.core.SchedulerSignalerImpl2017-03-10 15:31:43,301 org.quartz.core.QuartzScheduler2017-03-10 15:31:43,301 org.quartz.simpl.RAMJobStore2017-03-10 15:31:43,317 org.quartz.core.QuartzScheduler2017-03-10 15:31:43,317 org.quartz.impl.StdSchedulerFactory2017-03-10 15:31:43,317 org.quartz.impl.StdSchedulerFactory2017-03-10 15:31:43,317 org.quartz.core.QuartzScheduler2017-03-10 15:31:43,317 org.quartz.core.QuartzSchedulerThread2017-03-10 15:31:53,328 org.quartz.core.QuartzScheduler2017-03-10 15:31:53,328 org.quartz.core.QuartzScheduler2017-03-10 15:31:53,328 org.quartz.simpl.SimpleThreadPool2017-03-10 15:31:53,437 org.quartz.simpl.SimpleThreadPool2017-03-10 15:31:53,437 org.quartz.simpl.SimpleThreadPool2017-03-10 15:31:53,437 org.quartz.simpl.SimpleThreadPool2017-03-10 15:31:53,437 org.quartz.simpl.SimpleThreadPool2017-03-10 15:31:53,437 org.quartz.simpl.SimpleThreadPool2017-03-10 15:31:53,437 org.quartz.simpl.SimpleThreadPool2017-03-10 15:31:53,437 org.quartz.simpl.SimpleThreadPool2017-03-10 15:31:53,437 org.quartz.simpl.SimpleThreadPool2017-03-10 15:31:53,437 org.quartz.simpl.SimpleThreadPool2017-03-10 15:31:53,437 org.quartz.simpl.SimpleThreadPool2017-03-10 15:31:53,437 org.quartz.simpl.SimpleThreadPool2017-03-10 15:31:53,437 org.quartz.simpl.SimpleThreadPool2017-03-10 15:31:53,437 org.quartz.core.QuartzScheduler2017-03-10 15:31:53,437 com.joshua.demo1.Test